<?xml version="1.0" encoding="UTF-8"?>
<coverage generated="1672880786262" clover="3.2.0">
  <project timestamp="1672880786262" name="All files">
    <metrics statements="36" coveredstatements="31" conditionals="4" coveredconditionals="0" methods="10" coveredmethods="8" elements="50" coveredelements="39" complexity="0" loc="36" ncloc="36" packages="1" files="3" classes="3"/>
    <file name="app.js" path="/home/nicom/rithm/exercises/week-six/express-shopping-list/app.js">
      <metrics statements="13" coveredstatements="8" conditionals="4" coveredconditionals="0" methods="2" coveredmethods="0"/>
      <line num="3" count="1" type="stmt"/>
      <line num="4" count="1" type="stmt"/>
      <line num="6" count="1" type="stmt"/>
      <line num="8" count="1" type="stmt"/>
      <line num="10" count="1" type="stmt"/>
      <line num="13" count="1" type="stmt"/>
      <line num="14" count="0" type="stmt"/>
      <line num="18" count="1" type="stmt"/>
      <line num="19" count="0" type="cond" truecount="0" falsecount="2"/>
      <line num="20" count="0" type="stmt"/>
      <line num="21" count="0" type="cond" truecount="0" falsecount="2"/>
      <line num="22" count="0" type="stmt"/>
      <line num="26" count="1" type="stmt"/>
    </file>
    <file name="fakeDb.js" path="/home/nicom/rithm/exercises/week-six/express-shopping-list/fakeDb.js">
      <metrics statements="2" coveredstatements="2" conditionals="0" coveredconditionals="0" methods="0" coveredmethods="0"/>
      <line num="1" count="1" type="stmt"/>
      <line num="3" count="1" type="stmt"/>
    </file>
    <file name="itemRoutes.js" path="/home/nicom/rithm/exercises/week-six/express-shopping-list/itemRoutes.js">
      <metrics statements="21" coveredstatements="21" conditionals="0" coveredconditionals="0" methods="8" coveredmethods="8"/>
      <line num="3" count="1" type="stmt"/>
      <line num="4" count="1" type="stmt"/>
      <line num="6" count="1" type="stmt"/>
      <line num="9" count="1" type="stmt"/>
      <line num="10" count="1" type="stmt"/>
      <line num="14" count="1" type="stmt"/>
      <line num="15" count="1" type="stmt"/>
      <line num="17" count="1" type="stmt"/>
      <line num="21" count="1" type="stmt"/>
      <line num="22" count="1" type="stmt"/>
      <line num="24" count="1" type="stmt"/>
      <line num="28" count="1" type="stmt"/>
      <line num="29" count="1" type="stmt"/>
      <line num="31" count="1" type="stmt"/>
      <line num="32" count="1" type="stmt"/>
      <line num="35" count="1" type="stmt"/>
      <line num="39" count="1" type="stmt"/>
      <line num="40" count="1" type="stmt"/>
      <line num="42" count="1" type="stmt"/>
      <line num="44" count="1" type="stmt"/>
      <line num="48" count="1" type="stmt"/>
    </file>
  </project>
</coverage>
